2025-04-24T00:52:49.814Z [error] [Request ID: undefined]: No Date Found
2025-04-24T00:52:49.818Z [error] [Request ID: undefined]: No Date Found
2025-04-24T00:52:49.819Z [error] [Request ID: undefined]: Date Fails The Pattern xxxx-xx-xx
2025-04-24T00:52:49.820Z [error] [Request ID: undefined]: Date Fails The Pattern xxxx-xx-xx
2025-04-24T00:52:49.821Z [error] [Request ID: undefined]: Date Fails The Pattern xxxx-xx-xx
2025-04-24T00:52:49.822Z [error] [Request ID: undefined]: Date Fails The Pattern xxxx-xx-xx
2025-04-24T00:52:49.822Z [error] [Request ID: undefined]: Date Fails The Pattern xxxx-xx-xx
2025-04-24T00:52:49.823Z [error] [Request ID: undefined]: Date Fails The Pattern xxxx-xx-xx
2025-04-24T00:52:49.824Z [error] [Request ID: undefined]: Not A Valid Date
2025-04-24T00:52:49.825Z [error] [Request ID: undefined]: Not A Valid Date
2025-04-24T00:52:49.826Z [error] [Request ID: undefined]: Not A Valid Date
2025-04-24T00:52:49.827Z [error] [Request ID: undefined]: Not A Valid Date
2025-04-24T00:52:49.827Z [error] [Request ID: undefined]: Date Fails The Pattern xxxx-xx-xx
2025-04-24T00:52:49.830Z [error] [Request ID: undefined]: Date Fails The Pattern xxxx-xx-xx
2025-04-24T00:52:49.831Z [error] [Request ID: undefined]: Date Fails The Pattern xxxx-xx-xx
2025-04-24T00:52:49.832Z [error] [Request ID: undefined]: Date Fails The Pattern xxxx-xx-xx
2025-04-24T00:52:49.833Z [error] [Request ID: undefined]: Date Fails The Pattern xxxx-xx-xx
2025-04-24T00:52:49.835Z [error] [Request ID: undefined]: Date Fails The Pattern xxxx-xx-xx
2025-04-24T00:52:49.835Z [error] [Request ID: undefined]: Date Fails The Pattern xxxx-xx-xx
2025-04-24T00:53:17.625Z [error] [Request ID: undefined]: Input Not Found
2025-04-24T00:53:17.628Z [error] [Request ID: undefined]: Input Not Found
2025-04-24T00:53:17.628Z [error] [Request ID: undefined]: Improper Format On ID
2025-04-24T00:53:17.629Z [error] [Request ID: undefined]: Improper Format On ID
2025-04-24T00:53:17.629Z [error] [Request ID: undefined]: Improper Format On ID
2025-04-24T00:53:17.630Z [error] [Request ID: undefined]: Must Be A String
2025-04-24T00:53:17.630Z [error] [Request ID: undefined]: Must Be A String
2025-04-24T00:53:17.631Z [error] [Request ID: undefined]: Must Be A String
2025-04-24T00:53:17.632Z [error] [Request ID: undefined]: Improper Format On ID
2025-04-24T00:53:17.632Z [error] [Request ID: undefined]: Improper Format On ID
2025-04-24T00:53:17.633Z [error] [Request ID: undefined]: Improper Format On ID
2025-04-24T00:53:17.633Z [error] [Request ID: undefined]: Improper Format On ID
2025-04-24T00:53:17.634Z [error] [Request ID: undefined]: Improper Format On ID
2025-04-24T00:53:17.634Z [error] [Request ID: undefined]: Improper Format On ID
2025-04-24T00:53:17.634Z [error] [Request ID: undefined]: Blacklisted Characters Detected
2025-04-24T00:53:17.635Z [error] [Request ID: undefined]: Has Blacklisted Characters
2025-04-24T00:53:17.635Z [error] [Request ID: undefined]: Blacklisted Characters Detected
2025-04-24T00:53:17.635Z [error] [Request ID: undefined]: Has Blacklisted Characters
2025-04-24T00:53:17.636Z [error] [Request ID: undefined]: Blacklisted Characters Detected
2025-04-24T00:53:17.636Z [error] [Request ID: undefined]: Has Blacklisted Characters
2025-04-24T00:53:17.636Z [error] [Request ID: undefined]: Blacklisted Characters Detected
2025-04-24T00:53:17.637Z [error] [Request ID: undefined]: Has Blacklisted Characters
2025-04-24T00:53:17.637Z [error] [Request ID: undefined]: Blacklisted Characters Detected
2025-04-24T00:53:17.638Z [error] [Request ID: undefined]: Has Blacklisted Characters
2025-04-24T00:53:17.638Z [error] [Request ID: undefined]: Blacklisted Characters Detected
2025-04-24T00:53:17.638Z [error] [Request ID: undefined]: Has Blacklisted Characters
2025-04-24T00:53:48.453Z [error] [Request ID: undefined]: Name Too Short (Minimum 2 Characters)
2025-04-24T00:53:48.459Z [error] [Request ID: undefined]: Name Not Provided
2025-04-24T00:53:48.459Z [error] [Request ID: undefined]: Name Not Provided
2025-04-24T00:53:48.460Z [error] [Request ID: undefined]: Name Cannot Be Empty or Whitespace
2025-04-24T00:53:48.460Z [error] [Request ID: undefined]: Name Too Short (Minimum 2 Characters)
2025-04-24T00:53:48.461Z [error] [Request ID: undefined]: Name Too Long (Maximum 255 Characters)
2025-04-24T00:53:48.461Z [error] [Request ID: undefined]: Name Must Be A String
2025-04-24T00:53:48.461Z [error] [Request ID: undefined]: Name Must Be A String
2025-04-24T00:53:48.462Z [error] [Request ID: undefined]: Name Must Be A String
2025-04-24T00:53:48.462Z [error] [Request ID: undefined]: Blacklisted Characters Detected
2025-04-24T00:53:48.463Z [error] [Request ID: undefined]: Name Contains Blacklisted Characters
2025-04-24T00:53:48.463Z [error] [Request ID: undefined]: Blacklisted Characters Detected
2025-04-24T00:53:48.463Z [error] [Request ID: undefined]: Name Contains Blacklisted Characters
2025-04-24T00:53:48.464Z [error] [Request ID: undefined]: Blacklisted Characters Detected
2025-04-24T00:53:48.464Z [error] [Request ID: undefined]: Name Contains Blacklisted Characters
2025-04-24T00:53:48.465Z [error] [Request ID: undefined]: Blacklisted Characters Detected
2025-04-24T00:53:48.465Z [error] [Request ID: undefined]: Name Contains Blacklisted Characters
2025-04-24T00:53:48.466Z [error] [Request ID: undefined]: Blacklisted Characters Detected
2025-04-24T00:53:48.466Z [error] [Request ID: undefined]: Name Contains Blacklisted Characters
2025-04-24T00:53:48.466Z [error] [Request ID: undefined]: Blacklisted Characters Detected
2025-04-24T00:53:48.467Z [error] [Request ID: undefined]: Name Contains Blacklisted Characters
2025-04-24T00:55:20.006Z [error] [Request ID: undefined]: Spaces Detected
2025-04-24T00:55:20.010Z [error] [Request ID: undefined]: Spaces Detected
2025-04-24T00:55:20.010Z [error] [Request ID: undefined]: Spaces Detected
2025-04-24T00:55:20.011Z [error] [Request ID: undefined]: Spaces Detected
2025-04-24T00:55:20.013Z [error] [Request ID: undefined]: Spaces Detected
2025-04-24T00:55:20.013Z [error] [Request ID: undefined]: Spaces Detected
2025-04-24T00:55:20.014Z [error] [Request ID: undefined]: Spaces Detected
2025-04-24T00:55:20.015Z [error] [Request ID: undefined]: Spaces Detected
2025-04-24T00:55:20.015Z [error] [Request ID: undefined]: Spaces Detected
